#
# There is insufficient memory for the Java Runtime Environment to continue.
# Native memory allocation (malloc) failed to allocate 771376 bytes for Chunk::new
# Possible reasons:
#   The system is out of physical RAM or swap space
#   The process is running with CompressedOops enabled, and the Java Heap may be blocking the growth of the native heap
# Possible solutions:
#   Reduce memory load on the system
#   Increase physical memory or swap space
#   Check if swap backing store is full
#   Decrease Java heap size (-Xmx/-Xms)
#   Decrease number of Java threads
#   Decrease Java thread stack sizes (-Xss)
#   Set larger code cache with -XX:ReservedCodeCacheSize=
#   JVM is running with Unscaled Compressed Oops mode in which the Java heap is
#     placed in the first 4GB address space. The Java Heap base address is the
#     maximum limit for the native heap growth. Please use -XX:HeapBaseMinAddress
#     to set the Java Heap base and to place the Java Heap above 4GB virtual address.
# This output file may be truncated or incomplete.
#
#  Out of Memory Error (allocation.cpp:389), pid=30800, tid=0x00000000000078f4
#
# JRE version: OpenJDK Runtime Environment (8.0_242-b01) (build 1.8.0_242-release-1644-b01)
# Java VM: OpenJDK 64-Bit Server VM (25.242-b01 mixed mode windows-amd64 compressed oops)
# Failed to write core dump. Minidumps are not enabled by default on client versions of Windows
#

---------------  T H R E A D  ---------------

Current thread (0x000000001597e800):  JavaThread "C2 CompilerThread2" daemon [_thread_in_native, id=30964, stack(0x0000000018240000,0x0000000018340000)]

Stack: [0x0000000018240000,0x0000000018340000]
[error occurred during error reporting (printing stack bounds), id 0xc0000005]

Native frames: (J=compiled Java code, j=interpreted, Vv=VM code, C=native code)


Current CompileTask:
C2:  21080 9251   !   4       java.io.ObjectOutputStream::writeObject0 (619 bytes)


---------------  P R O C E S S  ---------------

Java Threads: ( => current thread )
  0x000000001e210000 JavaThread "stdout" [_thread_in_native, id=32000, stack(0x000000002de40000,0x000000002df40000)]
  0x000000001e20f000 JavaThread "stderr" [_thread_in_native, id=31996, stack(0x000000002dd40000,0x000000002de40000)]
  0x000000001e210800 JavaThread "stdout" [_thread_in_native, id=31940, stack(0x000000002dc40000,0x000000002dd40000)]
  0x000000001e20b800 JavaThread "stderr" [_thread_in_native, id=31936, stack(0x000000002db40000,0x000000002dc40000)]
  0x000000001e20e800 JavaThread "stdout" [_thread_in_native, id=31912, stack(0x000000002da40000,0x000000002db40000)]
  0x000000001e20d800 JavaThread "stderr" [_thread_in_native, id=31908, stack(0x000000002d940000,0x000000002da40000)]
  0x000000001e211800 JavaThread "stdout" [_thread_in_native, id=31880, stack(0x000000002d840000,0x000000002d940000)]
  0x000000001e20c000 JavaThread "stderr" [_thread_in_native, id=31876, stack(0x000000002d740000,0x000000002d840000)]
  0x000000001e20a000 JavaThread "stdout" [_thread_in_native, id=31856, stack(0x000000002d640000,0x000000002d740000)]
  0x000000001e20a800 JavaThread "stderr" [_thread_in_native, id=31852, stack(0x000000002d540000,0x000000002d640000)]
  0x000000001e209000 JavaThread "stdout" [_thread_in_native, id=31832, stack(0x000000002d440000,0x000000002d540000)]
  0x000000002027f800 JavaThread "stderr" [_thread_in_native, id=31828, stack(0x000000002d340000,0x000000002d440000)]
  0x0000000020278000 JavaThread "stdout" [_thread_in_native, id=31808, stack(0x000000002d240000,0x000000002d340000)]
  0x000000002027c800 JavaThread "stderr" [_thread_in_native, id=31804, stack(0x000000002d140000,0x000000002d240000)]
  0x000000002027e800 JavaThread "stdout" [_thread_in_native, id=31800, stack(0x000000002ceb0000,0x000000002cfb0000)]
  0x000000002027e000 JavaThread "stderr" [_thread_in_native, id=31792, stack(0x000000002cdb0000,0x000000002ceb0000)]
  0x000000002027b800 JavaThread "pool-2-thread-1" [_thread_blocked, id=31772, stack(0x000000002d040000,0x000000002d140000)]
  0x000000002027d000 JavaThread "MarlinRenderer Disposer" daemon [_thread_blocked, id=28068, stack(0x000000002cab0000,0x000000002cbb0000)]
  0x0000000020275800 JavaThread "Java2D Disposer" daemon [_thread_blocked, id=20876, stack(0x000000002c960000,0x000000002ca60000)]
  0x000000002027a000 JavaThread "WorkerExecutor Queue Thread 8" [_thread_blocked, id=27956, stack(0x000000002c860000,0x000000002c960000)]
  0x0000000020274000 JavaThread "WorkerExecutor Queue Thread 7" [_thread_blocked, id=31296, stack(0x000000002c760000,0x000000002c860000)]
  0x0000000020272800 JavaThread "WorkerExecutor Queue Thread 6" [_thread_blocked, id=30744, stack(0x000000002c660000,0x000000002c760000)]
  0x0000000020279800 JavaThread "WorkerExecutor Queue Thread 5" [_thread_blocked, id=27984, stack(0x000000002c460000,0x000000002c560000)]
  0x0000000020272000 JavaThread "WorkerExecutor Queue Thread 4" [_thread_blocked, id=25716, stack(0x000000002c360000,0x000000002c460000)]
  0x0000000020278800 JavaThread "WorkerExecutor Queue Thread 3" [_thread_blocked, id=27952, stack(0x000000002c260000,0x000000002c360000)]
  0x0000000020271000 JavaThread "WorkerExecutor Queue Thread 2" [_thread_blocked, id=27992, stack(0x000000002bb00000,0x000000002bc00000)]
  0x000000001ecad800 JavaThread "WorkerExecutor Queue" [_thread_blocked, id=31084, stack(0x0000000029f30000,0x000000002a030000)]
  0x000000001ecaa000 JavaThread "Cache worker for execution history cache (D:\ChatApp\.gradle\6.5\executionHistory)" [_thread_blocked, id=28028, stack(0x000000002ba00000,0x000000002bb00000)]
  0x000000001ecad000 JavaThread "Execution worker for ':' Thread 7" [_thread_blocked, id=27932, stack(0x000000002b900000,0x000000002ba00000)]
  0x000000001ecac000 JavaThread "Execution worker for ':' Thread 6" [_thread_blocked, id=28024, stack(0x000000002b800000,0x000000002b900000)]
  0x000000001ecb0000 JavaThread "Execution worker for ':' Thread 5" [_thread_blocked, id=28012, stack(0x000000002b700000,0x000000002b800000)]
  0x000000001ecab800 JavaThread "Execution worker for ':' Thread 4" [_thread_blocked, id=28008, stack(0x000000002b600000,0x000000002b700000)]
  0x000000001ecaf000 JavaThread "Execution worker for ':' Thread 3" [_thread_blocked, id=28004, stack(0x000000002b260000,0x000000002b360000)]
  0x000000001eca9000 JavaThread "Execution worker for ':' Thread 2" [_thread_blocked, id=28000, stack(0x000000002a160000,0x000000002a260000)]
  0x000000001ecaa800 JavaThread "Execution worker for ':'" [_thread_blocked, id=27996, stack(0x000000002a060000,0x000000002a160000)]
  0x00000000196e1800 JavaThread "Cache worker for file content cache (D:\ChatApp\.gradle\6.5\fileContent)" [_thread_blocked, id=27968, stack(0x0000000028ba0000,0x0000000028ca0000)]
  0x00000000196de800 JavaThread "Memory manager" [_thread_blocked, id=24644, stack(0x0000000028050000,0x0000000028150000)]
  0x00000000196d7000 JavaThread "Cache worker for Build Output Cleanup Cache (D:\ChatApp\.gradle\buildOutputCleanup)" [_thread_blocked, id=31244, stack(0x0000000027b50000,0x0000000027c50000)]
  0x00000000196db000 JavaThread "jar transforms Thread 94" [_thread_blocked, id=30752, stack(0x0000000027590000,0x0000000027690000)]
  0x00000000196de000 JavaThread "jar transforms Thread 93" [_thread_blocked, id=30852, stack(0x0000000027490000,0x0000000027590000)]
  0x00000000196da000 JavaThread "jar transforms Thread 92" [_thread_blocked, id=30860, stack(0x0000000027390000,0x0000000027490000)]
  0x00000000196d2800 JavaThread "jar transforms Thread 91" [_thread_blocked, id=30864, stack(0x0000000027290000,0x0000000027390000)]
  0x00000000196d8800 JavaThread "jar transforms Thread 90" [_thread_blocked, id=30856, stack(0x0000000027190000,0x0000000027290000)]
  0x00000000196d8000 JavaThread "jar transforms Thread 89" [_thread_blocked, id=14436, stack(0x0000000027090000,0x0000000027190000)]
  0x00000000196d9800 JavaThread "jar transforms Thread 88" [_thread_blocked, id=28056, stack(0x0000000026f90000,0x0000000027090000)]
  0x00000000196d5000 JavaThread "jar transforms Thread 87" [_thread_blocked, id=28860, stack(0x0000000026e90000,0x0000000026f90000)]
  0x00000000196d6800 JavaThread "jar transforms Thread 86" [_thread_blocked, id=13620, stack(0x0000000026d90000,0x0000000026e90000)]
  0x00000000196d4000 JavaThread "jar transforms Thread 85" [_thread_blocked, id=30808, stack(0x0000000026c90000,0x0000000026d90000)]
  0x00000000196d5800 JavaThread "jar transforms Thread 84" [_thread_blocked, id=17048, stack(0x0000000026b90000,0x0000000026c90000)]
  0x00000000196d3800 JavaThread "jar transforms Thread 83" [_thread_blocked, id=15196, stack(0x0000000026a90000,0x0000000026b90000)]
  0x000000001d000800 JavaThread "jar transforms Thread 82" [_thread_blocked, id=28856, stack(0x0000000026990000,0x0000000026a90000)]
  0x000000001cfff800 JavaThread "jar transforms Thread 81" [_thread_blocked, id=20028, stack(0x0000000026890000,0x0000000026990000)]
  0x000000001cfff000 JavaThread "jar transforms Thread 80" [_thread_blocked, id=14460, stack(0x0000000026790000,0x0000000026890000)]
  0x000000001cff7800 JavaThread "jar transforms Thread 79" [_thread_blocked, id=15388, stack(0x0000000026690000,0x0000000026790000)]
  0x000000001cffd800 JavaThread "jar transforms Thread 78" [_thread_blocked, id=10740, stack(0x0000000026590000,0x0000000026690000)]
  0x000000001cffb000 JavaThread "jar transforms Thread 77" [_thread_blocked, id=11248, stack(0x0000000026490000,0x0000000026590000)]
  0x000000001cffe000 JavaThread "jar transforms Thread 76" [_thread_blocked, id=31740, stack(0x0000000026390000,0x0000000026490000)]
  0x000000001cffc800 JavaThread "jar transforms Thread 75" [_thread_blocked, id=31736, stack(0x0000000026290000,0x0000000026390000)]
  0x000000001cffa800 JavaThread "jar transforms Thread 74" [_thread_blocked, id=31732, stack(0x0000000026190000,0x0000000026290000)]
  0x000000001cffc000 JavaThread "jar transforms Thread 73" [_thread_blocked, id=31728, stack(0x0000000026090000,0x0000000026190000)]
  0x000000001cff6800 JavaThread "jar transforms Thread 72" [_thread_blocked, id=31724, stack(0x0000000025f90000,0x0000000026090000)]
  0x000000001cff3000 JavaThread "jar transforms Thread 71" [_thread_blocked, id=31720, stack(0x0000000025e90000,0x0000000025f90000)]
  0x000000001cff9800 JavaThread "jar transforms Thread 70" [_thread_blocked, id=31716, stack(0x0000000025d90000,0x0000000025e90000)]
  0x000000001cff8000 JavaThread "jar transforms Thread 69" [_thread_blocked, id=31712, stack(0x0000000025c90000,0x0000000025d90000)]
  0x000000001cff2000 JavaThread "jar transforms Thread 68" [_thread_blocked, id=31708, stack(0x0000000025b90000,0x0000000025c90000)]
  0x000000001cff9000 JavaThread "jar transforms Thread 67" [_thread_blocked, id=31704, stack(0x0000000025a90000,0x0000000025b90000)]
  0x000000001cff6000 JavaThread "jar transforms Thread 66" [_thread_blocked, id=31700, stack(0x0000000025990000,0x0000000025a90000)]
  0x000000001cff1800 JavaThread "jar transforms Thread 65" [_thread_blocked, id=31696, stack(0x0000000025890000,0x0000000025990000)]
  0x000000001cff5000 JavaThread "jar transforms Thread 64" [_thread_blocked, id=31692, stack(0x0000000025790000,0x0000000025890000)]
  0x000000001cff4800 JavaThread "jar transforms Thread 63" [_thread_blocked, id=31688, stack(0x0000000025690000,0x0000000025790000)]
  0x000000001cff3800 JavaThread "jar transforms Thread 62" [_thread_blocked, id=31684, stack(0x0000000025590000,0x0000000025690000)]
  0x00000000179b9000 JavaThread "jar transforms Thread 61" [_thread_blocked, id=31680, stack(0x0000000025490000,0x0000000025590000)]
  0x00000000179b8000 JavaThread "jar transforms Thread 60" [_thread_blocked, id=31676, stack(0x0000000025390000,0x0000000025490000)]
  0x00000000179bb000 JavaThread "jar transforms Thread 59" [_thread_blocked, id=31672, stack(0x0000000025290000,0x0000000025390000)]
  0x00000000179b6000 JavaThread "jar transforms Thread 58" [_thread_blocked, id=31668, stack(0x0000000025190000,0x0000000025290000)]
  0x00000000179b6800 JavaThread "jar transforms Thread 57" [_thread_blocked, id=31664, stack(0x0000000025090000,0x0000000025190000)]
  0x00000000179b5000 JavaThread "jar transforms Thread 56" [_thread_blocked, id=31660, stack(0x0000000024f90000,0x0000000025090000)]
  0x00000000179b9800 JavaThread "jar transforms Thread 55" [_thread_blocked, id=31656, stack(0x0000000024e90000,0x0000000024f90000)]
  0x00000000179ba800 JavaThread "jar transforms Thread 54" [_thread_blocked, id=31652, stack(0x0000000024d90000,0x0000000024e90000)]
  0x00000000179b7800 JavaThread "jar transforms Thread 53" [_thread_blocked, id=31648, stack(0x0000000024c90000,0x0000000024d90000)]
  0x00000000179ad800 JavaThread "jar transforms Thread 52" [_thread_blocked, id=31644, stack(0x0000000024b90000,0x0000000024c90000)]
  0x00000000179b4800 JavaThread "jar transforms Thread 51" [_thread_blocked, id=31640, stack(0x0000000024a90000,0x0000000024b90000)]
  0x00000000179b1800 JavaThread "jar transforms Thread 50" [_thread_blocked, id=31636, stack(0x0000000024990000,0x0000000024a90000)]
  0x00000000179b0800 JavaThread "jar transforms Thread 49" [_thread_blocked, id=31632, stack(0x0000000024890000,0x0000000024990000)]
  0x00000000179b2000 JavaThread "jar transforms Thread 48" [_thread_blocked, id=31628, stack(0x0000000024790000,0x0000000024890000)]
  0x00000000179ad000 JavaThread "jar transforms Thread 47" [_thread_blocked, id=31624, stack(0x0000000024690000,0x0000000024790000)]
  0x00000000179b3800 JavaThread "jar transforms Thread 46" [_thread_blocked, id=31620, stack(0x0000000024590000,0x0000000024690000)]
  0x00000000179ac000 JavaThread "jar transforms Thread 45" [_thread_blocked, id=31616, stack(0x0000000024490000,0x0000000024590000)]
  0x00000000179af000 JavaThread "jar transforms Thread 44" [_thread_blocked, id=31612, stack(0x0000000024390000,0x0000000024490000)]
  0x00000000179b3000 JavaThread "jar transforms Thread 43" [_thread_blocked, id=31608, stack(0x0000000024290000,0x0000000024390000)]
  0x00000000179ae800 JavaThread "jar transforms Thread 42" [_thread_blocked, id=31604, stack(0x0000000024190000,0x0000000024290000)]
  0x00000000179b0000 JavaThread "jar transforms Thread 41" [_thread_blocked, id=31600, stack(0x0000000024090000,0x0000000024190000)]
  0x00000000177ed800 JavaThread "jar transforms Thread 40" [_thread_blocked, id=31596, stack(0x0000000023f90000,0x0000000024090000)]
  0x00000000177eb800 JavaThread "jar transforms Thread 39" [_thread_blocked, id=31592, stack(0x0000000023e90000,0x0000000023f90000)]
  0x00000000177ec000 JavaThread "jar transforms Thread 38" [_thread_blocked, id=31588, stack(0x0000000023d90000,0x0000000023e90000)]
  0x00000000177ed000 JavaThread "jar transforms Thread 37" [_thread_blocked, id=31584, stack(0x0000000023c90000,0x0000000023d90000)]
  0x00000000177ee800 JavaThread "jar transforms Thread 36" [_thread_blocked, id=31580, stack(0x0000000023b90000,0x0000000023c90000)]
  0x00000000177ea000 JavaThread "jar transforms Thread 35" [_thread_blocked, id=31576, stack(0x0000000023a90000,0x0000000023b90000)]
  0x00000000177ef000 JavaThread "jar transforms Thread 34" [_thread_blocked, id=31572, stack(0x0000000023990000,0x0000000023a90000)]
  0x00000000177e7800 JavaThread "jar transforms Thread 33" [_thread_blocked, id=31568, stack(0x0000000023890000,0x0000000023990000)]
  0x00000000177e8800 JavaThread "jar transforms Thread 32" [_thread_blocked, id=31564, stack(0x0000000023790000,0x0000000023890000)]
  0x00000000177ea800 JavaThread "jar transforms Thread 31" [_thread_blocked, id=31560, stack(0x0000000023690000,0x0000000023790000)]
  0x00000000177e9000 JavaThread "jar transforms Thread 30" [_thread_blocked, id=31556, stack(0x0000000023590000,0x0000000023690000)]
  0x00000000177e0000 JavaThread "jar transforms Thread 29" [_thread_blocked, id=31552, stack(0x0000000023490000,0x0000000023590000)]
  0x00000000177e3000 JavaThread "jar transforms Thread 28" [_thread_blocked, id=31548, stack(0x0000000023390000,0x0000000023490000)]
  0x00000000177e7000 JavaThread "jar transforms Thread 27" [_thread_blocked, id=31544, stack(0x0000000023290000,0x0000000023390000)]
  0x00000000177e1000 JavaThread "jar transforms Thread 26" [_thread_blocked, id=31540, stack(0x0000000023190000,0x0000000023290000)]
  0x00000000177e1800 JavaThread "jar transforms Thread 25" [_thread_blocked, id=31536, stack(0x0000000023090000,0x0000000023190000)]
  0x00000000177e6000 JavaThread "jar transforms Thread 24" [_thread_blocked, id=31532, stack(0x0000000022f90000,0x0000000023090000)]
  0x00000000177e2800 JavaThread "jar transforms Thread 23" [_thread_blocked, id=31528, stack(0x0000000022e90000,0x0000000022f90000)]
  0x00000000177e5800 JavaThread "jar transforms Thread 22" [_thread_blocked, id=31524, stack(0x0000000022d90000,0x0000000022e90000)]
  0x00000000177e4800 JavaThread "jar transforms Thread 21" [_thread_blocked, id=31520, stack(0x0000000022c90000,0x0000000022d90000)]
  0x00000000177e4000 JavaThread "jar transforms Thread 20" [_thread_blocked, id=31516, stack(0x0000000022b90000,0x0000000022c90000)]
  0x000000001e2fc800 JavaThread "jar transforms Thread 19" [_thread_blocked, id=31512, stack(0x0000000022a90000,0x0000000022b90000)]
  0x000000001e2fb000 JavaThread "jar transforms Thread 18" [_thread_blocked, id=31508, stack(0x0000000022990000,0x0000000022a90000)]
  0x000000001e2fa000 JavaThread "jar transforms Thread 17" [_thread_blocked, id=31504, stack(0x0000000022890000,0x0000000022990000)]
  0x000000001e2f9800 JavaThread "jar transforms Thread 16" [_thread_blocked, id=31500, stack(0x0000000022790000,0x0000000022890000)]
  0x000000001e2f7000 JavaThread "jar transforms Thread 15" [_thread_blocked, id=31496, stack(0x0000000022690000,0x0000000022790000)]
  0x000000001e2f8800 JavaThread "jar transforms Thread 14" [_thread_blocked, id=31492, stack(0x0000000022590000,0x0000000022690000)]
  0x000000001e2f8000 JavaThread "jar transforms Thread 13" [_thread_blocked, id=31488, stack(0x0000000022490000,0x0000000022590000)]
  0x000000001e2f6800 JavaThread "jar transforms Thread 12" [_thread_blocked, id=31484, stack(0x0000000022390000,0x0000000022490000)]
  0x000000001e2fb800 JavaThread "jar transforms Thread 11" [_thread_blocked, id=31480, stack(0x0000000022290000,0x0000000022390000)]
  0x000000001e2fd000 JavaThread "jar transforms Thread 10" [_thread_blocked, id=31476, stack(0x0000000022190000,0x0000000022290000)]
  0x000000001e8d6800 JavaThread "jar transforms Thread 9" [_thread_blocked, id=31472, stack(0x0000000022090000,0x0000000022190000)]
  0x000000001e8dd800 JavaThread "jar transforms Thread 8" [_thread_blocked, id=31468, stack(0x0000000021f90000,0x0000000022090000)]
  0x000000001e8d6000 JavaThread "jar transforms Thread 7" [_thread_blocked, id=31464, stack(0x0000000021e90000,0x0000000021f90000)]
  0x000000001e8dc800 JavaThread "jar transforms Thread 6" [_thread_blocked, id=31460, stack(0x0000000021d90000,0x0000000021e90000)]
  0x000000001e8dc000 JavaThread "jar transforms Thread 5" [_thread_blocked, id=31456, stack(0x0000000021c90000,0x0000000021d90000)]
  0x000000001e8db000 JavaThread "jar transforms Thread 4" [_thread_blocked, id=31452, stack(0x0000000021290000,0x0000000021390000)]
  0x000000001e8d9000 JavaThread "jar transforms Thread 3" [_thread_blocked, id=31448, stack(0x0000000021190000,0x0000000021290000)]
  0x000000001e8d8000 JavaThread "jar transforms Thread 2" [_thread_blocked, id=31444, stack(0x0000000021090000,0x0000000021190000)]
  0x000000001e8d7800 JavaThread "Build operations Thread 8" [_thread_blocked, id=31440, stack(0x0000000021a90000,0x0000000021b90000)]
  0x000000001e8d9800 JavaThread "Build operations Thread 7" [_thread_blocked, id=31436, stack(0x0000000021990000,0x0000000021a90000)]
  0x000000001e8da800 JavaThread "Build operations Thread 6" [_thread_blocked, id=31432, stack(0x0000000021890000,0x0000000021990000)]
  0x000000001e8ce800 JavaThread "Build operations Thread 5" [_thread_blocked, id=31428, stack(0x0000000021790000,0x0000000021890000)]
  0x000000001e8d3000 JavaThread "Build operations Thread 4" [_thread_blocked, id=31424, stack(0x0000000021690000,0x0000000021790000)]
  0x000000001e8d0000 JavaThread "Build operations Thread 3" [_thread_blocked, id=31420, stack(0x0000000021590000,0x0000000021690000)]
  0x000000001e8d5000 JavaThread "Build operations Thread 2" [_thread_blocked, id=31416, stack(0x0000000021490000,0x0000000021590000)]
  0x000000001e8d1800 JavaThread "Build operations" [_thread_blocked, id=31412, stack(0x0000000021390000,0x0000000021490000)]
  0x000000001a2e5000 JavaThread "Cache worker for file content cache (C:\Users\farid\.gradle\caches\6.5\fileContent)" [_thread_blocked, id=31408, stack(0x000000001f9c0000,0x000000001fac0000)]
  0x000000001a2e4800 JavaThread "jar transforms" [_thread_blocked, id=31404, stack(0x000000001f8c0000,0x000000001f9c0000)]
  0x000000001a2e3800 JavaThread "Cache worker for execution history cache (C:\Users\farid\.gradle\caches\6.5\executionHistory)" [_thread_blocked, id=31400, stack(0x000000001f1c0000,0x000000001f2c0000)]
  0x000000001a2e3000 JavaThread "Cache worker for cache directory md-rule (C:\Users\farid\.gradle\caches\6.5\md-rule)" [_thread_blocked, id=31396, stack(0x000000001f0c0000,0x000000001f1c0000)]
  0x000000001a2e2000 JavaThread "Cache worker for cache directory md-supplier (C:\Users\farid\.gradle\caches\6.5\md-supplier)" [_thread_blocked, id=31388, stack(0x000000001efc0000,0x000000001f0c0000)]
  0x000000001a2e8000 JavaThread "Cache worker for checksums cache (D:\ChatApp\.gradle\checksums)" [_thread_blocked, id=31380, stack(0x000000001ecc0000,0x000000001edc0000)]
  0x000000001a2e7800 JavaThread "Cache worker for file hash cache (D:\ChatApp\.gradle\6.5\fileHashes)" [_thread_blocked, id=31360, stack(0x000000001db30000,0x000000001dc30000)]
  0x000000001a2e6800 JavaThread "Cache worker for file hash cache (C:\Users\farid\.gradle\caches\6.5\fileHashes)" [_thread_blocked, id=31264, stack(0x000000001c660000,0x000000001c760000)]
  0x000000001a2e6000 JavaThread "File lock request listener" [_thread_in_native, id=31260, stack(0x000000001c560000,0x000000001c660000)]
  0x0000000019796000 JavaThread "Cache worker for journal cache (C:\Users\farid\.gradle\caches\journal-1)" [_thread_blocked, id=31256, stack(0x000000001c460000,0x000000001c560000)]
  0x0000000018961800 JavaThread "Thread-9" [_thread_blocked, id=31252, stack(0x000000001c160000,0x000000001c260000)]
  0x000000001a187000 JavaThread "Stdin handler" [_thread_blocked, id=31240, stack(0x000000001c060000,0x000000001c160000)]
  0x000000001a195000 JavaThread "Asynchronous log dispatcher for DefaultDaemonConnection: socket connection from /127.0.0.1:59715 to /127.0.0.1:59716" [_thread_blocked, id=31236, stack(0x000000001bf60000,0x000000001c060000)]
  0x000000001a193000 JavaThread "Daemon worker" [_thread_blocked, id=31232, stack(0x000000001be60000,0x000000001bf60000)]
  0x000000001a18f800 JavaThread "Cancel handler" [_thread_blocked, id=31228, stack(0x000000001bd60000,0x000000001be60000)]
  0x000000001a0e6800 JavaThread "Handler for socket connection from /127.0.0.1:59715 to /127.0.0.1:59716" [_thread_in_native, id=31224, stack(0x000000001bc60000,0x000000001bd60000)]
  0x000000001a0ce800 JavaThread "Daemon" [_thread_blocked, id=31220, stack(0x000000001b960000,0x000000001ba60000)]
  0x000000001a0d8800 JavaThread "Daemon periodic checks" [_thread_blocked, id=31216, stack(0x000000001b860000,0x000000001b960000)]
  0x000000001a0ac800 JavaThread "Incoming local TCP Connector on port 59715" [_thread_in_native, id=31212, stack(0x000000001b620000,0x000000001b720000)]
  0x000000001a06b800 JavaThread "Daemon health stats" [_thread_blocked, id=31148, stack(0x000000001afe0000,0x000000001b0e0000)]
  0x0000000017805800 JavaThread "Service Thread" daemon [_thread_blocked, id=30972, stack(0x0000000018440000,0x0000000018540000)]
  0x000000001777a800 JavaThread "C1 CompilerThread3" daemon [_thread_blocked, id=30968, stack(0x0000000018340000,0x0000000018440000)]
=>0x000000001597e800 JavaThread "C2 CompilerThread2" daemon [_thread_in_native, id=30964, stack(0x0000000018240000,0x0000000018340000)]
  0x000000001597a000 JavaThread "C2 CompilerThread1" daemon [_thread_in_native, id=30960, stack(0x0000000018140000,0x0000000018240000)]
  0x0000000017771800 JavaThread "C2 CompilerThread0" daemon [_thread_in_native, id=30956, stack(0x0000000018040000,0x0000000018140000)]
  0x0000000017770800 JavaThread "Attach Listener" daemon [_thread_blocked, id=30952, stack(0x0000000017f40000,0x0000000018040000)]
  0x0000000017776800 JavaThread "Signal Dispatcher" daemon [_thread_blocked, id=30948, stack(0x0000000017e40000,0x0000000017f40000)]
  0x0000000017761800 JavaThread "Finalizer" daemon [_thread_blocked, id=30944, stack(0x0000000017c40000,0x0000000017d40000)]
  0x0000000017760800 JavaThread "Reference Handler" daemon [_thread_blocked, id=30940, stack(0x0000000017b40000,0x0000000017c40000)]
  0x0000000002d4d800 JavaThread "main" [_thread_blocked, id=30896, stack(0x0000000002c00000,0x0000000002d00000)]

Other Threads:
  0x0000000015968000 VMThread [stack: 0x0000000017640000,0x0000000017740000] [id=30932]
  0x0000000017806000 WatcherThread [stack: 0x0000000018540000,0x0000000018640000] [id=30976]

VM state:not at safepoint (normal execution)

VM Mutex/Monitor currently owned by a thread: None

heap address: 0x00000000c0000000, size: 1024 MB, Compressed Oops mode: 32-bit
Narrow klass base: 0x0000000000000000, Narrow klass shift: 3
Compressed class space size: 1073741824 Address: 0x0000000100000000

Heap:
 PSYoungGen      total 277504K, used 270159K [0x00000000eab00000, 0x0000000100000000, 0x0000000100000000)
  eden space 257024K, 97% used [0x00000000eab00000,0x00000000f9ed4358,0x00000000fa600000)
  from space 20480K, 99% used [0x00000000fa600000,0x00000000fb9ff980,0x00000000fba00000)
  to   space 24064K, 0% used [0x00000000fe880000,0x00000000fe880000,0x0000000100000000)
 ParOldGen       total 105472K, used 33325K [0x00000000c0000000, 0x00000000c6700000, 0x00000000eab00000)
  object space 105472K, 31% used [0x00000000c0000000,0x00000000c208b5f8,0x00000000c6700000)
 Metaspace       used 69146K, capacity 72338K, committed 72472K, reserved 1112064K
  class space    used 9370K, capacity 10023K, committed 10032K, reserved 1048576K

Card table byte_map: [0x0000000012210000,0x0000000012420000] byte_map_base: 0x0000000011c10000

Marking Bits: (ParMarkBitMap*) 0x0000000066acf030
 Begin Bits: [0x0000000012d80000, 0x0000000013d80000)
 End Bits:   [0x0000000013d80000, 0x0000000014d80000)

Polling page: 0x0000000002bc0000

CodeCache: size=245760Kb used=26901Kb max_used=26936Kb free=218858Kb
 bounds [0x0000000002e50000, 0x0000000004920000, 0x0000000011e50000]
 total_blobs=8911 nmethods=8002 adapters=822
 compilation: enabled

Compilation events (10 events):
Event: 21.051 Thread 0x000000001597a000 nmethod 9254 0x00000000043bcc50 code [0x00000000043bcda0, 0x00000000043bced8]
Event: 21.051 Thread 0x000000001597a000 9300   !   4       java.io.ObjectInputStream::filterCheck (272 bytes)
Event: 21.051 Thread 0x000000001597a000 nmethod 9300 0x00000000038bfcd0 code [0x00000000038bfe00, 0x00000000038bfe78]
Event: 21.051 Thread 0x000000001597a000 9301       4       java.io.ObjectInputStream$BlockDataInputStream::readInt (73 bytes)
Event: 21.053 Thread 0x000000001597a000 nmethod 9301 0x0000000004536c10 code [0x0000000004536d60, 0x0000000004536ef8]
Event: 21.053 Thread 0x000000001597a000 9227       4       java.lang.Character::isSurrogate (18 bytes)
Event: 21.053 Thread 0x000000001597a000 nmethod 9227 0x0000000004349f10 code [0x000000000434a040, 0x000000000434a098]
Event: 21.053 Thread 0x000000001597a000 9252       4       java.io.ObjectOutputStream$HandleTable::assign (52 bytes)
Event: 21.066 Thread 0x000000001597a000 nmethod 9252 0x00000000043eacd0 code [0x00000000043eae80, 0x00000000043eb7d8]
Event: 21.066 Thread 0x000000001597a000 9253   !   4       java.io.ObjectStreamClass::lookup (335 bytes)

GC Heap History (10 events):
Event: 6.244 GC heap before
{Heap before GC invocations=12 (full 2):
 PSYoungGen      total 140288K, used 128512K [0x00000000eab00000, 0x00000000f7680000, 0x0000000100000000)
  eden space 128512K, 100% used [0x00000000eab00000,0x00000000f2880000,0x00000000f2880000)
  from space 11776K, 0% used [0x00000000f2880000,0x00000000f2880000,0x00000000f3400000)
  to   space 12800K, 0% used [0x00000000f6a00000,0x00000000f6a00000,0x00000000f7680000)
 ParOldGen       total 48128K, used 17147K [0x00000000c0000000, 0x00000000c2f00000, 0x00000000eab00000)
  object space 48128K, 35% used [0x00000000c0000000,0x00000000c10becf8,0x00000000c2f00000)
 Metaspace       used 39834K, capacity 41586K, committed 41768K, reserved 1085440K
  class space    used 5496K, capacity 5861K, committed 5936K, reserved 1048576K
Event: 6.251 GC heap after
Heap after GC invocations=12 (full 2):
 PSYoungGen      total 195072K, used 10028K [0x00000000eab00000, 0x00000000f7880000, 0x0000000100000000)
  eden space 182272K, 0% used [0x00000000eab00000,0x00000000eab00000,0x00000000f5d00000)
  from space 12800K, 78% used [0x00000000f6a00000,0x00000000f73cb3b8,0x00000000f7680000)
  to   space 13312K, 0% used [0x00000000f5d00000,0x00000000f5d00000,0x00000000f6a00000)
 ParOldGen       total 48128K, used 17155K [0x00000000c0000000, 0x00000000c2f00000, 0x00000000eab00000)
  object space 48128K, 35% used [0x00000000c0000000,0x00000000c10c0cf8,0x00000000c2f00000)
 Metaspace       used 39834K, capacity 41586K, committed 41768K, reserved 1085440K
  class space    used 5496K, capacity 5861K, committed 5936K, reserved 1048576K
}
Event: 8.406 GC heap before
{Heap before GC invocations=13 (full 2):
 PSYoungGen      total 195072K, used 192300K [0x00000000eab00000, 0x00000000f7880000, 0x0000000100000000)
  eden space 182272K, 100% used [0x00000000eab00000,0x00000000f5d00000,0x00000000f5d00000)
  from space 12800K, 78% used [0x00000000f6a00000,0x00000000f73cb3b8,0x00000000f7680000)
  to   space 13312K, 0% used [0x00000000f5d00000,0x00000000f5d00000,0x00000000f6a00000)
 ParOldGen       total 48128K, used 17155K [0x00000000c0000000, 0x00000000c2f00000, 0x00000000eab00000)
  object space 48128K, 35% used [0x00000000c0000000,0x00000000c10c0cf8,0x00000000c2f00000)
 Metaspace       used 55401K, capacity 57706K, committed 58024K, reserved 1099776K
  class space    used 7549K, capacity 8001K, committed 8112K, reserved 1048576K
Event: 8.463 GC heap after
Heap after GC invocations=13 (full 2):
 PSYoungGen      total 195584K, used 13301K [0x00000000eab00000, 0x00000000fce00000, 0x0000000100000000)
  eden space 182272K, 0% used [0x00000000eab00000,0x00000000eab00000,0x00000000f5d00000)
  from space 13312K, 99% used [0x00000000f5d00000,0x00000000f69fd598,0x00000000f6a00000)
  to   space 20480K, 0% used [0x00000000fba00000,0x00000000fba00000,0x00000000fce00000)
 ParOldGen       total 48128K, used 31713K [0x00000000c0000000, 0x00000000c2f00000, 0x00000000eab00000)
  object space 48128K, 65% used [0x00000000c0000000,0x00000000c1ef8458,0x00000000c2f00000)
 Metaspace       used 55401K, capacity 57706K, committed 58024K, reserved 1099776K
  class space    used 7549K, capacity 8001K, committed 8112K, reserved 1048576K
}
Event: 8.894 GC heap before
{Heap before GC invocations=14 (full 2):
 PSYoungGen      total 195584K, used 47803K [0x00000000eab00000, 0x00000000fce00000, 0x0000000100000000)
  eden space 182272K, 18% used [0x00000000eab00000,0x00000000eccb1a08,0x00000000f5d00000)
  from space 13312K, 99% used [0x00000000f5d00000,0x00000000f69fd598,0x00000000f6a00000)
  to   space 20480K, 0% used [0x00000000fba00000,0x00000000fba00000,0x00000000fce00000)
 ParOldGen       total 48128K, used 31713K [0x00000000c0000000, 0x00000000c2f00000, 0x00000000eab00000)
  object space 48128K, 65% used [0x00000000c0000000,0x00000000c1ef8458,0x00000000c2f00000)
 Metaspace       used 56741K, capacity 59128K, committed 59160K, reserved 1099776K
  class space    used 7772K, capacity 8238K, committed 8240K, reserved 1048576K
Event: 8.927 GC heap after
Heap after GC invocations=14 (full 2):
 PSYoungGen      total 277504K, used 3072K [0x00000000eab00000, 0x00000000fd000000, 0x0000000100000000)
  eden space 257024K, 0% used [0x00000000eab00000,0x00000000eab00000,0x00000000fa600000)
  from space 20480K, 15% used [0x00000000fba00000,0x00000000fbd00000,0x00000000fce00000)
  to   space 20480K, 0% used [0x00000000fa600000,0x00000000fa600000,0x00000000fba00000)
 ParOldGen       total 48128K, used 43892K [0x00000000c0000000, 0x00000000c2f00000, 0x00000000eab00000)
  object space 48128K, 91% used [0x00000000c0000000,0x00000000c2add0d0,0x00000000c2f00000)
 Metaspace       used 56741K, capacity 59128K, committed 59160K, reserved 1099776K
  class space    used 7772K, capacity 8238K, committed 8240K, reserved 1048576K
}
Event: 8.927 GC heap before
{Heap before GC invocations=15 (full 3):
 PSYoungGen      total 277504K, used 3072K [0x00000000eab00000, 0x00000000fd000000, 0x0000000100000000)
  eden space 257024K, 0% used [0x00000000eab00000,0x00000000eab00000,0x00000000fa600000)
  from space 20480K, 15% used [0x00000000fba00000,0x00000000fbd00000,0x00000000fce00000)
  to   space 20480K, 0% used [0x00000000fa600000,0x00000000fa600000,0x00000000fba00000)
 ParOldGen       total 48128K, used 43892K [0x00000000c0000000, 0x00000000c2f00000, 0x00000000eab00000)
  object space 48128K, 91% used [0x00000000c0000000,0x00000000c2add0d0,0x00000000c2f00000)
 Metaspace       used 56741K, capacity 59128K, committed 59160K, reserved 1099776K
  class space    used 7772K, capacity 8238K, committed 8240K, reserved 1048576K
Event: 9.491 GC heap after
Heap after GC invocations=15 (full 3):
 PSYoungGen      total 277504K, used 0K [0x00000000eab00000, 0x00000000fd000000, 0x0000000100000000)
  eden space 257024K, 0% used [0x00000000eab00000,0x00000000eab00000,0x00000000fa600000)
  from space 20480K, 0% used [0x00000000fba00000,0x00000000fba00000,0x00000000fce00000)
  to   space 20480K, 0% used [0x00000000fa600000,0x00000000fa600000,0x00000000fba00000)
 ParOldGen       total 105472K, used 32450K [0x00000000c0000000, 0x00000000c6700000, 0x00000000eab00000)
  object space 105472K, 30% used [0x00000000c0000000,0x00000000c1fb0b68,0x00000000c6700000)
 Metaspace       used 56695K, capacity 58972K, committed 59160K, reserved 1099776K
  class space    used 7758K, capacity 8212K, committed 8240K, reserved 1048576K
}
Event: 17.528 GC heap before
{Heap before GC invocations=16 (full 3):
 PSYoungGen      total 277504K, used 257024K [0x00000000eab00000, 0x00000000fd000000, 0x0000000100000000)
  eden space 257024K, 100% used [0x00000000eab00000,0x00000000fa600000,0x00000000fa600000)
  from space 20480K, 0% used [0x00000000fba00000,0x00000000fba00000,0x00000000fce00000)
  to   space 20480K, 0% used [0x00000000fa600000,0x00000000fa600000,0x00000000fba00000)
 ParOldGen       total 105472K, used 32450K [0x00000000c0000000, 0x00000000c6700000, 0x00000000eab00000)
  object space 105472K, 30% used [0x00000000c0000000,0x00000000c1fb0b68,0x00000000c6700000)
 Metaspace       used 65497K, capacity 68608K, committed 68760K, reserved 1107968K
  class space    used 9020K, capacity 9618K, committed 9648K, reserved 1048576K
Event: 17.554 GC heap after
Heap after GC invocations=16 (full 3):
 PSYoungGen      total 277504K, used 20478K [0x00000000eab00000, 0x0000000100000000, 0x0000000100000000)
  eden space 257024K, 0% used [0x00000000eab00000,0x00000000eab00000,0x00000000fa600000)
  from space 20480K, 99% used [0x00000000fa600000,0x00000000fb9ff980,0x00000000fba00000)
  to   space 24064K, 0% used [0x00000000fe880000,0x00000000fe880000,0x0000000100000000)
 ParOldGen       total 105472K, used 33325K [0x00000000c0000000, 0x00000000c6700000, 0x00000000eab00000)
  object space 105472K, 31% used [0x00000000c0000000,0x00000000c208b5f8,0x00000000c6700000)
 Metaspace       used 65497K, capacity 68608K, committed 68760K, reserved 1107968K
  class space    used 9020K, capacity 9618K, committed 9648K, reserved 1048576K
}

Deoptimization events (10 events):
Event: 20.242 Thread 0x000000001ecb0000 Uncommon trap: reason=class_check action=maybe_recompile pc=0x00000000043a04e0 method=com.sun.org.apache.xerces.internal.dom.AttrImpl.getOwnerElement()Lorg/w3c/dom/Element; @ 18
Event: 20.242 Thread 0x000000001ecb0000 Uncommon trap: reason=class_check action=maybe_recompile pc=0x00000000043a04e0 method=com.sun.org.apache.xerces.internal.dom.AttrImpl.getOwnerElement()Lorg/w3c/dom/Element; @ 18
Event: 20.303 Thread 0x000000001ecb0000 Uncommon trap: reason=unstable_if action=reinterpret pc=0x000000000487ecd4 method=com.android.utils.XmlUtils.toXmlAttributeValue(Ljava/lang/String;)Ljava/lang/String; @ 33
Event: 20.303 Thread 0x000000001ecb0000 Uncommon trap: reason=unstable_if action=reinterpret pc=0x000000000361badc method=com.android.utils.XmlUtils.toXmlAttributeValue(Ljava/lang/String;)Ljava/lang/String; @ 33
Event: 20.358 Thread 0x000000001ecb0000 Uncommon trap: reason=unstable_if action=reinterpret pc=0x000000000487a728 method=com.android.utils.XmlUtils.append(Lcom/android/utils/XmlUtils$PositionAwareStringBuilder;Lorg/w3c/dom/Node;Ljava/util/Map;Ljava/util/Set;)V @ 540
Event: 20.360 Thread 0x000000001ecb0000 Uncommon trap: reason=class_check action=maybe_recompile pc=0x00000000041e5984 method=java.io.Writer.append(Ljava/lang/CharSequence;)Ljava/io/Writer; @ 20
Event: 20.361 Thread 0x000000001ecb0000 Uncommon trap: reason=unstable_if action=reinterpret pc=0x000000000488badc method=sun.nio.cs.UTF_8$Encoder.encodeArrayLoop(Ljava/nio/CharBuffer;Ljava/nio/ByteBuffer;)Ljava/nio/charset/CoderResult; @ 175
Event: 20.647 Thread 0x000000001ecab800 Uncommon trap: reason=unstable_if action=reinterpret pc=0x0000000003eb2878 method=java.util.HashMap$HashIterator.<init>(Ljava/util/HashMap;)V @ 45
Event: 20.648 Thread 0x000000001ecad000 Uncommon trap: reason=unstable_if action=reinterpret pc=0x000000000486b730 method=java.util.HashMap$HashIterator.<init>(Ljava/util/HashMap;)V @ 45
Event: 20.648 Thread 0x000000001eca9000 Uncommon trap: reason=unstable_if action=reinterpret pc=0x00000000043baa94 method=java.util.HashMap$HashIterator.<init>(Ljava/util/HashMap;)V @ 45

Classes redefined (0 events):
No events

Internal exceptions (10 events):
Event: 18.724 Thread 0x000000001ecb0000 Exception <a 'java/lang/NoSuchMethodError': <clinit>> (0x00000000f0eb97d8) thrown at [C:\src\AOSP-openjdk-git\hotspot\src\share\vm\prims\jni.cpp, line 1615]
Event: 18.789 Thread 0x0000000020272800 Exception <a 'java/io/FileNotFoundException'> (0x00000000f1057a28) thrown at [C:\src\AOSP-openjdk-git\hotspot\src\share\vm\prims\jni.cpp, line 710]
Event: 18.841 Thread 0x0000000020272800 Exception <a 'java/io/FileNotFoundException'> (0x00000000f1073c50) thrown at [C:\src\AOSP-openjdk-git\hotspot\src\share\vm\prims\jni.cpp, line 710]
Event: 18.875 Thread 0x000000001ecb0000 Implicit null exception at 0x00000000030578d2 to 0x0000000003057a45
Event: 19.212 Thread 0x000000001ecb0000 Implicit null exception at 0x0000000004797747 to 0x0000000004799b59
Event: 19.212 Thread 0x000000001ecb0000 Implicit null exception at 0x000000000303ae97 to 0x000000000303b1f5
Event: 20.358 Thread 0x000000001ecb0000 Implicit null exception at 0x000000000487c746 to 0x000000000487a6fd
Event: 20.447 Thread 0x000000001ecb0000 Exception <a 'java/lang/NoSuchMethodError': <clinit>> (0x00000000f8299c60) thrown at [C:\src\AOSP-openjdk-git\hotspot\src\share\vm\prims\jni.cpp, line 1615]
Event: 20.448 Thread 0x000000001ecb0000 Exception <a 'java/lang/NoSuchMethodError': <clinit>> (0x00000000f82aa080) thrown at [C:\src\AOSP-openjdk-git\hotspot\src\share\vm\prims\jni.cpp, line 1615]
Event: 20.449 Thread 0x000000001ecb0000 Exception <a 'java/lang/NoSuchMethodError': <clinit>> (0x00000000f82bdec8) thrown at [C:\src\AOSP-openjdk-git\hotspot\src\share\vm\prims\jni.cpp, line 1615]

Events (10 events):
Event: 21.036 Thread 0x000000001e20a800 Thread added: 0x000000001e20a800
Event: 21.036 Thread 0x000000001e20a000 Thread added: 0x000000001e20a000
Event: 21.041 Thread 0x000000001e20c000 Thread added: 0x000000001e20c000
Event: 21.041 Thread 0x000000001e211800 Thread added: 0x000000001e211800
Event: 21.044 Thread 0x000000001e20d800 Thread added: 0x000000001e20d800
Event: 21.044 Thread 0x000000001e20e800 Thread added: 0x000000001e20e800
Event: 21.048 Thread 0x000000001e20b800 Thread added: 0x000000001e20b800
Event: 21.048 Thread 0x000000001e210800 Thread added: 0x000000001e210800
Event: 21.066 Thread 0x000000001e20f000 Thread added: 0x000000001e20f000
Event: 21.066 Thread 0x000000001e210000 Thread added: 0x000000001e210000


Dynamic libraries:
0x00007ff65f730000 - 0x00007ff65f761000 	C:\Program Files\Android\Android Studio\jre\bin\java.exe
0x00007ffb69950000 - 0x00007ffb69b46000 	C:\Windows\SYSTEM32\ntdll.dll
0x00007ffb679b0000 - 0x00007ffb67a6d000 	C:\Windows\System32\KERNEL32.DLL
0x00007ffb672f0000 - 0x00007ffb675b8000 	C:\Windows\System32\KERNELBASE.dll
0x00007ffb67a70000 - 0x00007ffb67b1c000 	C:\Windows\System32\ADVAPI32.dll
0x00007ffb69330000 - 0x00007ffb693ce000 	C:\Windows\System32\msvcrt.dll
0x00007ffb68930000 - 0x00007ffb689cb000 	C:\Windows\System32\sechost.dll
0x00007ffb68f40000 - 0x00007ffb69064000 	C:\Windows\System32\RPCRT4.dll
0x00007ffb689e0000 - 0x00007ffb68b80000 	C:\Windows\System32\USER32.dll
0x00007ffb67980000 - 0x00007ffb679a2000 	C:\Windows\System32\win32u.dll
0x00007ffb68e90000 - 0x00007ffb68eba000 	C:\Windows\System32\GDI32.dll
0x00007ffb675c0000 - 0x00007ffb676c9000 	C:\Windows\System32\gdi32full.dll
0x00007ffb678e0000 - 0x00007ffb6797d000 	C:\Windows\System32\msvcp_win.dll
0x00007ffb677e0000 - 0x00007ffb678e0000 	C:\Windows\System32\ucrtbase.dll
0x00007ffb55910000 - 0x00007ffb55bab000 	C:\Windows\WinSxS\amd64_microsoft.windows.common-controls_6595b64144ccf1df_6.0.19041.488_none_ca04af081b815d21\COMCTL32.dll
0x00007ffb68020000 - 0x00007ffb68050000 	C:\Windows\System32\IMM32.DLL
0x0000000066140000 - 0x0000000066212000 	C:\Program Files\Android\Android Studio\jre\jre\bin\msvcr100.dll
0x0000000066300000 - 0x0000000066b4b000 	C:\Program Files\Android\Android Studio\jre\jre\bin\server\jvm.dll
0x00007ffb68e80000 - 0x00007ffb68e88000 	C:\Windows\System32\PSAPI.DLL
0x00007ffb5fbd0000 - 0x00007ffb5fbd9000 	C:\Windows\SYSTEM32\WSOCK32.dll
0x00007ffb5b1c0000 - 0x00007ffb5b1e7000 	C:\Windows\SYSTEM32\WINMM.dll
0x00007ffb61500000 - 0x00007ffb6150a000 	C:\Windows\SYSTEM32\VERSION.dll
0x00007ffb68ed0000 - 0x00007ffb68f3b000 	C:\Windows\System32\WS2_32.dll
0x00007ffb5fa80000 - 0x00007ffb5fa8f000 	C:\Program Files\Android\Android Studio\jre\jre\bin\verify.dll
0x00007ffb54bd0000 - 0x00007ffb54bf9000 	C:\Program Files\Android\Android Studio\jre\jre\bin\java.dll
0x00007ffb57330000 - 0x00007ffb57346000 	C:\Program Files\Android\Android Studio\jre\jre\bin\zip.dll
0x00007ffb681e0000 - 0x00007ffb68921000 	C:\Windows\System32\SHELL32.dll
0x00007ffb651e0000 - 0x00007ffb65975000 	C:\Windows\SYSTEM32\windows.storage.dll
0x00007ffb69550000 - 0x00007ffb698a5000 	C:\Windows\System32\combase.dll
0x00007ffb66b00000 - 0x00007ffb66b2c000 	C:\Windows\SYSTEM32\Wldp.dll
0x00007ffb69070000 - 0x00007ffb6911e000 	C:\Windows\System32\SHCORE.dll
0x00007ffb692d0000 - 0x00007ffb69325000 	C:\Windows\System32\shlwapi.dll
0x00007ffb66fc0000 - 0x00007ffb66fe6000 	C:\Windows\SYSTEM32\profapi.dll
0x00007ffb570a0000 - 0x00007ffb570ba000 	C:\Program Files\Android\Android Studio\jre\jre\bin\net.dll
0x00007ffb66880000 - 0x00007ffb668ea000 	C:\Windows\system32\mswsock.dll
0x00007ffb56de0000 - 0x00007ffb56df3000 	C:\Program Files\Android\Android Studio\jre\jre\bin\nio.dll
0x00007ffb5fbe0000 - 0x00007ffb5fc07000 	C:\Users\farid\.gradle\native\f6784746aeab05261644944871eae4fe03e0ef1612fff0a4a95f87b438bc6780\windows-amd64\native-platform.dll
0x00007ffb57490000 - 0x00007ffb5749d000 	C:\Program Files\Android\Android Studio\jre\jre\bin\management.dll
0x00007ffb66a60000 - 0x00007ffb66a78000 	C:\Windows\SYSTEM32\CRYPTSP.dll
0x00007ffb661a0000 - 0x00007ffb661d4000 	C:\Windows\system32\rsaenh.dll
0x00007ffb67240000 - 0x00007ffb67267000 	C:\Windows\System32\bcrypt.dll
0x00007ffb66f80000 - 0x00007ffb66fae000 	C:\Windows\SYSTEM32\USERENV.dll
0x00007ffb67270000 - 0x00007ffb672ef000 	C:\Windows\System32\bcryptprimitives.dll
0x00007ffb66a50000 - 0x00007ffb66a5c000 	C:\Windows\SYSTEM32\CRYPTBASE.dll
0x00007ffb66520000 - 0x00007ffb6655b000 	C:\Windows\SYSTEM32\IPHLPAPI.DLL
0x00007ffb68ec0000 - 0x00007ffb68ec8000 	C:\Windows\System32\NSI.dll
0x00007ffb5f540000 - 0x00007ffb5f557000 	C:\Windows\SYSTEM32\dhcpcsvc6.DLL
0x00007ffb5f7f0000 - 0x00007ffb5f80d000 	C:\Windows\SYSTEM32\dhcpcsvc.DLL
0x00007ffb66560000 - 0x00007ffb6662b000 	C:\Windows\SYSTEM32\DNSAPI.dll
0x00007ffb603e0000 - 0x00007ffb603eb000 	C:\Windows\SYSTEM32\WINNSI.DLL
0x00007ffb24f70000 - 0x00007ffb2510c000 	C:\Program Files\Android\Android Studio\jre\jre\bin\awt.dll
0x00007ffb69200000 - 0x00007ffb692cd000 	C:\Windows\System32\OLEAUT32.dll
0x00007ffb64e00000 - 0x00007ffb64e2f000 	C:\Windows\SYSTEM32\dwmapi.dll
0x00007ffb634e0000 - 0x00007ffb63aa0000 	C:\Windows\SYSTEM32\d2d1.dll
0x00007ffb64950000 - 0x00007ffb649e0000 	C:\Windows\SYSTEM32\apphelp.dll
0x00007ffb64a80000 - 0x00007ffb64b1e000 	C:\Windows\system32\uxtheme.dll

VM Arguments:
jvm_args: -Xmx1024m -Dfile.encoding=windows-1252 -Duser.country=US -Duser.language=en -Duser.variant 
java_command: org.gradle.launcher.daemon.bootstrap.GradleDaemon 6.5
java_class_path (initial): C:\Users\farid\.gradle\wrapper\dists\gradle-6.5-all\2oz4ud9k3tuxjg84bbf55q0tn\gradle-6.5\lib\gradle-launcher-6.5.jar
Launcher Type: SUN_STANDARD

Environment Variables:
JAVA_HOME=C:\Program Files (x86)\Java\jre7
PATH=C:\Program Files (x86)\Common Files\Oracle\Java\javapath;C:\Program Files\Common Files\Oracle\Java\javapath;C:\Windows\system32;C:\Windows;C:\Windows\System32\Wbem;C:\Windows\System32\WindowsPowerShell\v1.0\;C:\Windows\System32\OpenSSH\;C:\Program Files (x86)\Java\jre7\bin;C:\Program Files\Git\cmd;C:\flutter\bin;C:\Users\farid\AppData\Local\Microsoft\WindowsApps;C:\Program Files\Bandizip\;
USERNAME=farid
OS=Windows_NT
PROCESSOR_IDENTIFIER=Intel64 Family 6 Model 142 Stepping 10, GenuineIntel



---------------  S Y S T E M  ---------------

OS: Windows 10.0 , 64 bit Build 19041 (10.0.19041.546)

CPU:total 8 (initial active 8) (4 cores per cpu, 2 threads per core) family 6 model 142 stepping 10, cmov, cx8, fxsr, mmx, sse, sse2, sse3, ssse3, sse4.1, sse4.2, popcnt, avx, avx2, aes, clmul, erms, 3dnowpref, lzcnt, ht, tsc, tscinvbit, bmi1, bmi2, adx

Memory: 4k page, physical 8260324k(410716k free), swap 33426148k(656k free)

vm_info: OpenJDK 64-Bit Server VM (25.242-b01) for windows-amd64 JRE (1.8.0_242-release-1644-b01), built by "builder" with MS VC++ 10.0 (VS2010)

time: Thu Mar 18 14:51:07 2021
timezone: Egypt Standard Time
elapsed time: 21 seconds (0d 0h 0m 21s)

